This file contains any messages produced by compilers while
running configure, to aid debugging if configure makes a mistake.

It was created by zoodisr configure 0.1.0, which was
generated by GNU Autoconf 2.68.  Invocation command line was

  $ ./configure --with-zookeeper-static=/usr/lib/x86_64-linux-gnu/libzookeeper_mt.a --no-create --no-recursion

## --------- ##
## Platform. ##
## --------- ##

hostname = jinoos-note
uname -m = x86_64
uname -r = 3.11.0-20-generic
uname -s = Linux
uname -v = #35~precise1-Ubuntu SMP Fri May 2 21:32:55 UTC 2014

/usr/bin/uname -p = unknown
/bin/uname -X     = unknown

/bin/arch              = unknown
/usr/bin/arch -k       = unknown
/usr/convex/getsysinfo = unknown
/usr/bin/hostinfo      = unknown
/bin/machine           = unknown
/usr/bin/oslevel       = unknown
/bin/universe          = unknown

PATH: /usr/lib/lightdm/lightdm
PATH: /usr/local/sbin
PATH: /usr/local/bin
PATH: /usr/sbin
PATH: /usr/bin
PATH: /sbin
PATH: /bin
PATH: /usr/games
PATH: .


## ----------- ##
## Core tests. ##
## ----------- ##

configure:2356: checking for a BSD-compatible install
configure:2424: result: /usr/bin/install -c
configure:2435: checking whether build environment is sane
configure:2485: result: yes
configure:2626: checking for a thread-safe mkdir -p
configure:2665: result: /bin/mkdir -p
configure:2678: checking for gawk
configure:2694: found /usr/bin/gawk
configure:2705: result: gawk
configure:2716: checking whether make sets $(MAKE)
configure:2738: result: yes
configure:2851: checking build system type
configure:2865: result: x86_64-unknown-linux-gnu
configure:2885: checking host system type
configure:2898: result: x86_64-unknown-linux-gnu
configure:2939: checking how to print strings
configure:2966: result: printf
configure:2999: checking for style of include used by make
configure:3027: result: GNU
configure:3098: checking for gcc
configure:3114: found /usr/bin/gcc
configure:3125: result: gcc
configure:3354: checking for C compiler version
configure:3363: gcc --version >&5
gcc (Ubuntu/Linaro 4.6.3-1ubuntu5) 4.6.3
Copyright (C) 2011 Free Software Foundation, Inc.
This is free software; see the source for copying conditions.  There is NO
warranty; not even for MERCHANTABILITY or FITNESS FOR A PARTICULAR PURPOSE.

configure:3374: $? = 0
configure:3363: gcc -v >&5
Using built-in specs.
COLLECT_GCC=gcc
COLLECT_LTO_WRAPPER=/usr/lib/gcc/x86_64-linux-gnu/4.6/lto-wrapper
Target: x86_64-linux-gnu
Configured with: ../src/configure -v --with-pkgversion='Ubuntu/Linaro 4.6.3-1ubuntu5' --with-bugurl=file:///usr/share/doc/gcc-4.6/README.Bugs --enable-languages=c,c++,fortran,objc,obj-c++ --prefix=/usr --program-suffix=-4.6 --enable-shared --enable-linker-build-id --with-system-zlib --libexecdir=/usr/lib --without-included-gettext --enable-threads=posix --with-gxx-include-dir=/usr/include/c++/4.6 --libdir=/usr/lib --enable-nls --with-sysroot=/ --enable-clocale=gnu --enable-libstdcxx-debug --enable-libstdcxx-time=yes --enable-gnu-unique-object --enable-plugin --enable-objc-gc --disable-werror --with-arch-32=i686 --with-tune=generic --enable-checking=release --build=x86_64-linux-gnu --host=x86_64-linux-gnu --target=x86_64-linux-gnu
Thread model: posix
gcc version 4.6.3 (Ubuntu/Linaro 4.6.3-1ubuntu5) 
configure:3374: $? = 0
configure:3363: gcc -V >&5
gcc: error: unrecognized option '-V'
gcc: fatal error: no input files
compilation terminated.
configure:3374: $? = 4
configure:3363: gcc -qversion >&5
gcc: error: unrecognized option '-qversion'
gcc: fatal error: no input files
compilation terminated.
configure:3374: $? = 4
configure:3394: checking whether the C compiler works
configure:3416: gcc    conftest.c  >&5
configure:3420: $? = 0
configure:3468: result: yes
configure:3471: checking for C compiler default output file name
configure:3473: result: a.out
configure:3479: checking for suffix of executables
configure:3486: gcc -o conftest    conftest.c  >&5
configure:3490: $? = 0
configure:3512: result: 
configure:3534: checking whether we are cross compiling
configure:3542: gcc -o conftest    conftest.c  >&5
configure:3546: $? = 0
configure:3553: ./conftest
configure:3557: $? = 0
configure:3572: result: no
configure:3577: checking for suffix of object files
configure:3599: gcc -c   conftest.c >&5
configure:3603: $? = 0
configure:3624: result: o
configure:3628: checking whether we are using the GNU C compiler
configure:3647: gcc -c   conftest.c >&5
configure:3647: $? = 0
configure:3656: result: yes
configure:3665: checking whether gcc accepts -g
configure:3685: gcc -c -g  conftest.c >&5
configure:3685: $? = 0
configure:3726: result: yes
configure:3743: checking for gcc option to accept ISO C89
configure:3807: gcc  -c -g -O2  conftest.c >&5
configure:3807: $? = 0
configure:3820: result: none needed
configure:3842: checking dependency style of gcc
configure:3953: result: gcc3
configure:3968: checking for a sed that does not truncate output
configure:4032: result: /bin/sed
configure:4050: checking for grep that handles long lines and -e
configure:4108: result: /bin/grep
configure:4113: checking for egrep
configure:4175: result: /bin/grep -E
configure:4180: checking for fgrep
configure:4242: result: /bin/grep -F
configure:4277: checking for ld used by gcc
configure:4344: result: /usr/bin/ld
configure:4351: checking if the linker (/usr/bin/ld) is GNU ld
configure:4366: result: yes
configure:4378: checking for BSD- or MS-compatible name lister (nm)
configure:4427: result: /usr/bin/nm -B
configure:4557: checking the name lister (/usr/bin/nm -B) interface
configure:4564: gcc -c -g -O2  conftest.c >&5
configure:4567: /usr/bin/nm -B "conftest.o"
configure:4570: output
0000000000000000 B some_variable
configure:4577: result: BSD nm
configure:4580: checking whether ln -s works
configure:4584: result: yes
configure:4592: checking the maximum length of command line arguments
configure:4722: result: 3458764513820540925
configure:4739: checking whether the shell understands some XSI constructs
configure:4749: result: yes
configure:4753: checking whether the shell understands "+="
configure:4759: result: yes
configure:4794: checking how to convert x86_64-unknown-linux-gnu file names to x86_64-unknown-linux-gnu format
configure:4834: result: func_convert_file_noop
configure:4841: checking how to convert x86_64-unknown-linux-gnu file names to toolchain format
configure:4861: result: func_convert_file_noop
configure:4868: checking for /usr/bin/ld option to reload object files
configure:4875: result: -r
configure:4949: checking for objdump
configure:4965: found /usr/bin/objdump
configure:4976: result: objdump
configure:5008: checking how to recognize dependent libraries
configure:5210: result: pass_all
configure:5295: checking for dlltool
configure:5325: result: no
configure:5355: checking how to associate runtime and link libraries
configure:5382: result: printf %s\n
configure:5443: checking for ar
configure:5459: found /usr/bin/ar
configure:5470: result: ar
configure:5507: checking for archiver @FILE support
configure:5524: gcc -c -g -O2  conftest.c >&5
configure:5524: $? = 0
configure:5527: ar cru libconftest.a @conftest.lst >&5
configure:5530: $? = 0
configure:5535: ar cru libconftest.a @conftest.lst >&5
ar: conftest.o: No such file or directory
configure:5538: $? = 1
configure:5550: result: @
configure:5608: checking for strip
configure:5624: found /usr/bin/strip
configure:5635: result: strip
configure:5707: checking for ranlib
configure:5723: found /usr/bin/ranlib
configure:5734: result: ranlib
configure:5836: checking command to parse /usr/bin/nm -B output from gcc object
configure:5956: gcc -c -g -O2  conftest.c >&5
configure:5959: $? = 0
configure:5963: /usr/bin/nm -B conftest.o \| sed -n -e 's/^.*[ ]\([ABCDGIRSTW][ABCDGIRSTW]*\)[ ][ ]*\([_A-Za-z][_A-Za-z0-9]*\)$/\1 \2 \2/p' | sed '/ __gnu_lto/d' \> conftest.nm
configure:5966: $? = 0
configure:6032: gcc -o conftest -g -O2   conftest.c conftstm.o >&5
configure:6035: $? = 0
configure:6073: result: ok
configure:6110: checking for sysroot
configure:6140: result: no
configure:6217: gcc -c -g -O2  conftest.c >&5
configure:6220: $? = 0
configure:6396: checking for mt
configure:6412: found /bin/mt
configure:6423: result: mt
configure:6446: checking if mt is a manifest tool
configure:6452: mt '-?'
configure:6460: result: no
configure:7102: checking how to run the C preprocessor
configure:7133: gcc -E  conftest.c
configure:7133: $? = 0
configure:7147: gcc -E  conftest.c
conftest.c:11:28: fatal error: ac_nonexistent.h: No such file or directory
compilation terminated.
configure:7147: $? = 1
configure: failed program was:
| /* confdefs.h */
| #define PACKAGE_NAME "zoodisr"
| #define PACKAGE_TARNAME "zoodisr"
| #define PACKAGE_VERSION "0.1.0"
| #define PACKAGE_STRING "zoodisr 0.1.0"
| #define PACKAGE_BUGREPORT "jinoos@gmail.com"
| #define PACKAGE_URL ""
| #define PACKAGE "zoodisr"
| #define VERSION "0.1.0"
| /* end confdefs.h.  */
| #include <ac_nonexistent.h>
configure:7172: result: gcc -E
configure:7192: gcc -E  conftest.c
configure:7192: $? = 0
configure:7206: gcc -E  conftest.c
conftest.c:11:28: fatal error: ac_nonexistent.h: No such file or directory
compilation terminated.
configure:7206: $? = 1
configure: failed program was:
| /* confdefs.h */
| #define PACKAGE_NAME "zoodisr"
| #define PACKAGE_TARNAME "zoodisr"
| #define PACKAGE_VERSION "0.1.0"
| #define PACKAGE_STRING "zoodisr 0.1.0"
| #define PACKAGE_BUGREPORT "jinoos@gmail.com"
| #define PACKAGE_URL ""
| #define PACKAGE "zoodisr"
| #define VERSION "0.1.0"
| /* end confdefs.h.  */
| #include <ac_nonexistent.h>
configure:7235: checking for ANSI C header files
configure:7255: gcc -c -g -O2  conftest.c >&5
configure:7255: $? = 0
configure:7328: gcc -o conftest -g -O2   conftest.c  >&5
configure:7328: $? = 0
configure:7328: ./conftest
configure:7328: $? = 0
configure:7339: result: yes
configure:7352: checking for sys/types.h
configure:7352: gcc -c -g -O2  conftest.c >&5
configure:7352: $? = 0
configure:7352: result: yes
configure:7352: checking for sys/stat.h
configure:7352: gcc -c -g -O2  conftest.c >&5
configure:7352: $? = 0
configure:7352: result: yes
configure:7352: checking for stdlib.h
configure:7352: gcc -c -g -O2  conftest.c >&5
configure:7352: $? = 0
configure:7352: result: yes
configure:7352: checking for string.h
configure:7352: gcc -c -g -O2  conftest.c >&5
configure:7352: $? = 0
configure:7352: result: yes
configure:7352: checking for memory.h
configure:7352: gcc -c -g -O2  conftest.c >&5
configure:7352: $? = 0
configure:7352: result: yes
configure:7352: checking for strings.h
configure:7352: gcc -c -g -O2  conftest.c >&5
configure:7352: $? = 0
configure:7352: result: yes
configure:7352: checking for inttypes.h
configure:7352: gcc -c -g -O2  conftest.c >&5
configure:7352: $? = 0
configure:7352: result: yes
configure:7352: checking for stdint.h
configure:7352: gcc -c -g -O2  conftest.c >&5
configure:7352: $? = 0
configure:7352: result: yes
configure:7352: checking for unistd.h
configure:7352: gcc -c -g -O2  conftest.c >&5
configure:7352: $? = 0
configure:7352: result: yes
configure:7366: checking for dlfcn.h
configure:7366: gcc -c -g -O2  conftest.c >&5
configure:7366: $? = 0
configure:7366: result: yes
configure:7572: checking for objdir
configure:7587: result: .libs
configure:7858: checking if gcc supports -fno-rtti -fno-exceptions
configure:7876: gcc -c -g -O2  -fno-rtti -fno-exceptions conftest.c >&5
cc1: warning: command line option '-fno-rtti' is valid for C++/ObjC++ but not for C [enabled by default]
configure:7880: $? = 0
configure:7893: result: no
configure:8220: checking for gcc option to produce PIC
configure:8227: result: -fPIC -DPIC
configure:8235: checking if gcc PIC flag -fPIC -DPIC works
configure:8253: gcc -c -g -O2  -fPIC -DPIC -DPIC conftest.c >&5
configure:8257: $? = 0
configure:8270: result: yes
configure:8299: checking if gcc static flag -static works
configure:8327: result: yes
configure:8342: checking if gcc supports -c -o file.o
configure:8363: gcc -c -g -O2  -o out/conftest2.o conftest.c >&5
configure:8367: $? = 0
configure:8389: result: yes
configure:8397: checking if gcc supports -c -o file.o
configure:8444: result: yes
configure:8477: checking whether the gcc linker (/usr/bin/ld -m elf_x86_64) supports shared libraries
configure:9634: result: yes
configure:9671: checking whether -lc should be explicitly linked in
configure:9679: gcc -c -g -O2  conftest.c >&5
configure:9682: $? = 0
configure:9697: gcc -shared  -fPIC -DPIC conftest.o  -v -Wl,-soname -Wl,conftest -o conftest 2\>\&1 \| /bin/grep  -lc  \>/dev/null 2\>\&1
configure:9700: $? = 0
configure:9714: result: no
configure:9874: checking dynamic linker characteristics
configure:10385: gcc -o conftest -g -O2   -Wl,-rpath -Wl,/foo conftest.c  >&5
configure:10385: $? = 0
configure:10619: result: GNU/Linux ld.so
configure:10726: checking how to hardcode library paths into programs
configure:10751: result: immediate
configure:11291: checking whether stripping libraries is possible
configure:11296: result: yes
configure:11331: checking if libtool supports shared libraries
configure:11333: result: yes
configure:11336: checking whether to build shared libraries
configure:11357: result: yes
configure:11360: checking whether to build static libraries
configure:11364: result: yes
configure:11402: checking whether gcc and cc understand -c and -o together
configure:11433: gcc -c conftest.c -o conftest2.o >&5
configure:11437: $? = 0
configure:11443: gcc -c conftest.c -o conftest2.o >&5
configure:11447: $? = 0
configure:11458: cc -c conftest.c >&5
configure:11462: $? = 0
configure:11470: cc -c conftest.c -o conftest2.o >&5
configure:11474: $? = 0
configure:11480: cc -c conftest.c -o conftest2.o >&5
configure:11484: $? = 0
configure:11502: result: yes
configure:11549: checking for floorf in -lm
configure:11574: gcc -o conftest -g -O2   conftest.c -lm   >&5
conftest.c:34:6: warning: conflicting types for built-in function 'floorf' [enabled by default]
configure:11574: $? = 0
configure:11583: result: yes
configure:11664: checking for pkg-config
configure:11682: found /usr/bin/pkg-config
configure:11694: result: /usr/bin/pkg-config
configure:11719: checking pkg-config is at least version 0.9.0
configure:11722: result: yes
configure:11732: checking for libevent
configure:11739: $PKG_CONFIG --exists --print-errors "libevent >= 2.0"
configure:11742: $? = 0
configure:11756: $PKG_CONFIG --exists --print-errors "libevent >= 2.0"
configure:11759: $? = 0
configure:11817: result: yes
configure:11896: checking for getenv in -lzookeeper_mt
configure:11921: gcc -o conftest -g -O2   conftest.c -lzookeeper_mt  -lm  -levent   >&5
configure:11921: $? = 0
configure:11930: result: yes
configure:11945: checking zookeeper/zookeeper.h usability
configure:11945: gcc -c -g -O2  conftest.c >&5
configure:11945: $? = 0
configure:11945: result: yes
configure:11945: checking zookeeper/zookeeper.h presence
configure:11945: gcc -E  conftest.c
configure:11945: $? = 0
configure:11945: result: yes
configure:11945: checking for zookeeper/zookeeper.h
configure:11945: result: yes
configure:12023: checking for /usr/lib/x86_64-linux-gnu/libzookeeper_mt.a
configure:12037: result: yes
configure:12044: found zookeeper library archive /usr/lib/x86_64-linux-gnu/libzookeeper_mt.a
configure:12067: checking for stdint.h
configure:12067: result: yes
configure:12067: checking for stdlib.h
configure:12067: result: yes
configure:12067: checking for string.h
configure:12067: result: yes
configure:12067: checking sys/time.h usability
configure:12067: gcc -c -g -O2  conftest.c >&5
configure:12067: $? = 0
configure:12067: result: yes
configure:12067: checking sys/time.h presence
configure:12067: gcc -E  conftest.c
configure:12067: $? = 0
configure:12067: result: yes
configure:12067: checking for sys/time.h
configure:12067: result: yes
configure:12067: checking for unistd.h
configure:12067: result: yes
configure:12079: checking for inline
configure:12095: gcc -c -g -O2  conftest.c >&5
configure:12095: $? = 0
configure:12103: result: inline
configure:12121: checking for size_t
configure:12121: gcc -c -g -O2  conftest.c >&5
configure:12121: $? = 0
configure:12121: gcc -c -g -O2  conftest.c >&5
conftest.c: In function 'main':
conftest.c:72:21: error: expected expression before ')' token
configure:12121: $? = 1
configure: failed program was:
| /* confdefs.h */
| #define PACKAGE_NAME "zoodisr"
| #define PACKAGE_TARNAME "zoodisr"
| #define PACKAGE_VERSION "0.1.0"
| #define PACKAGE_STRING "zoodisr 0.1.0"
| #define PACKAGE_BUGREPORT "jinoos@gmail.com"
| #define PACKAGE_URL ""
| #define PACKAGE "zoodisr"
| #define VERSION "0.1.0"
| #define STDC_HEADERS 1
| #define HAVE_SYS_TYPES_H 1
| #define HAVE_SYS_STAT_H 1
| #define HAVE_STDLIB_H 1
| #define HAVE_STRING_H 1
| #define HAVE_MEMORY_H 1
| #define HAVE_STRINGS_H 1
| #define HAVE_INTTYPES_H 1
| #define HAVE_STDINT_H 1
| #define HAVE_UNISTD_H 1
| #define HAVE_DLFCN_H 1
| #define LT_OBJDIR ".libs/"
| #define ZR_VERSION_MAJOR 0
| #define ZR_VERSION_MINOR 1
| #define ZR_VERSION_PATCH 0
| #define ZR_VERSION_STRING "0.1.0"
| #define HAVE_LIBM 1
| #define HAVE_LIBZOOKEEPER_MT 1
| #define HAVE_ZOOKEEPER_ZOOKEEPER_H 1
| #define HAVE__USR_LIB_X86_64_LINUX_GNU_LIBZOOKEEPER_MT_A 1
| #define HAVE_STDINT_H 1
| #define HAVE_STDLIB_H 1
| #define HAVE_STRING_H 1
| #define HAVE_SYS_TIME_H 1
| #define HAVE_UNISTD_H 1
| /* end confdefs.h.  */
| #include <stdio.h>
| #ifdef HAVE_SYS_TYPES_H
| # include <sys/types.h>
| #endif
| #ifdef HAVE_SYS_STAT_H
| # include <sys/stat.h>
| #endif
| #ifdef STDC_HEADERS
| # include <stdlib.h>
| # include <stddef.h>
| #else
| # ifdef HAVE_STDLIB_H
| #  include <stdlib.h>
| # endif
| #endif
| #ifdef HAVE_STRING_H
| # if !defined STDC_HEADERS && defined HAVE_MEMORY_H
| #  include <memory.h>
| # endif
| # include <string.h>
| #endif
| #ifdef HAVE_STRINGS_H
| # include <strings.h>
| #endif
| #ifdef HAVE_INTTYPES_H
| # include <inttypes.h>
| #endif
| #ifdef HAVE_STDINT_H
| # include <stdint.h>
| #endif
| #ifdef HAVE_UNISTD_H
| # include <unistd.h>
| #endif
| int
| main ()
| {
| if (sizeof ((size_t)))
| 	    return 0;
|   ;
|   return 0;
| }
configure:12121: result: yes
configure:12132: checking for uint32_t
configure:12132: gcc -c -g -O2  conftest.c >&5
configure:12132: $? = 0
configure:12132: result: yes
configure:12146: checking for uint64_t
configure:12146: gcc -c -g -O2  conftest.c >&5
configure:12146: $? = 0
configure:12146: result: yes
configure:12162: checking for error_at_line
configure:12178: gcc -o conftest -g -O2  /usr/lib/x86_64-linux-gnu/libzookeeper_mt.a  conftest.c -lzookeeper_mt -lm  -levent   -lm -lpthread >&5
configure:12178: $? = 0
configure:12186: result: yes
configure:12199: checking for stdlib.h
configure:12199: result: yes
configure:12209: checking for GNU libc compatible malloc
configure:12233: gcc -o conftest -g -O2  /usr/lib/x86_64-linux-gnu/libzookeeper_mt.a  conftest.c -lzookeeper_mt -lm  -levent   -lm -lpthread >&5
configure:12233: $? = 0
configure:12233: ./conftest
configure:12233: $? = 0
configure:12243: result: yes
configure:12266: checking for stdlib.h
configure:12266: result: yes
configure:12276: checking for GNU libc compatible realloc
configure:12300: gcc -o conftest -g -O2  /usr/lib/x86_64-linux-gnu/libzookeeper_mt.a  conftest.c -lzookeeper_mt -lm  -levent   -lm -lpthread >&5
configure:12300: $? = 0
configure:12300: ./conftest
configure:12300: $? = 0
configure:12310: result: yes
configure:12334: checking for gettimeofday
configure:12334: gcc -o conftest -g -O2  /usr/lib/x86_64-linux-gnu/libzookeeper_mt.a  conftest.c -lzookeeper_mt -lm  -levent   -lm -lpthread >&5
configure:12334: $? = 0
configure:12334: result: yes
configure:12334: checking for memmove
configure:12334: gcc -o conftest -g -O2  /usr/lib/x86_64-linux-gnu/libzookeeper_mt.a  conftest.c -lzookeeper_mt -lm  -levent   -lm -lpthread >&5
conftest.c:64:6: warning: conflicting types for built-in function 'memmove' [enabled by default]
configure:12334: $? = 0
configure:12334: result: yes
configure:12334: checking for memset
configure:12334: gcc -o conftest -g -O2  /usr/lib/x86_64-linux-gnu/libzookeeper_mt.a  conftest.c -lzookeeper_mt -lm  -levent   -lm -lpthread >&5
conftest.c:65:6: warning: conflicting types for built-in function 'memset' [enabled by default]
configure:12334: $? = 0
configure:12334: result: yes
configure:12334: checking for strchr
configure:12334: gcc -o conftest -g -O2  /usr/lib/x86_64-linux-gnu/libzookeeper_mt.a  conftest.c -lzookeeper_mt -lm  -levent   -lm -lpthread >&5
conftest.c:66:6: warning: conflicting types for built-in function 'strchr' [enabled by default]
configure:12334: $? = 0
configure:12334: result: yes
configure:12334: checking for strtol
configure:12334: gcc -o conftest -g -O2  /usr/lib/x86_64-linux-gnu/libzookeeper_mt.a  conftest.c -lzookeeper_mt -lm  -levent   -lm -lpthread >&5
configure:12334: $? = 0
configure:12334: result: yes
configure:12502: creating ./config.status

## ---------------- ##
## Cache variables. ##
## ---------------- ##

ac_cv_build=x86_64-unknown-linux-gnu
ac_cv_c_compiler_gnu=yes
ac_cv_c_inline=inline
ac_cv_c_uint32_t=yes
ac_cv_c_uint64_t=yes
ac_cv_env_CC_set=
ac_cv_env_CC_value=
ac_cv_env_CFLAGS_set=
ac_cv_env_CFLAGS_value=
ac_cv_env_CPPFLAGS_set=
ac_cv_env_CPPFLAGS_value=
ac_cv_env_CPP_set=
ac_cv_env_CPP_value=
ac_cv_env_LDFLAGS_set=
ac_cv_env_LDFLAGS_value=
ac_cv_env_LIBS_set=
ac_cv_env_LIBS_value=
ac_cv_env_PKG_CONFIG_LIBDIR_set=
ac_cv_env_PKG_CONFIG_LIBDIR_value=
ac_cv_env_PKG_CONFIG_PATH_set=
ac_cv_env_PKG_CONFIG_PATH_value=
ac_cv_env_PKG_CONFIG_set=
ac_cv_env_PKG_CONFIG_value=
ac_cv_env_build_alias_set=
ac_cv_env_build_alias_value=
ac_cv_env_host_alias_set=
ac_cv_env_host_alias_value=
ac_cv_env_libevent_CFLAGS_set=
ac_cv_env_libevent_CFLAGS_value=
ac_cv_env_libevent_LIBS_set=
ac_cv_env_libevent_LIBS_value=
ac_cv_env_target_alias_set=
ac_cv_env_target_alias_value=
ac_cv_file__usr_lib_x86_64_linux_gnu_libzookeeper_mt_a=yes
ac_cv_func_gettimeofday=yes
ac_cv_func_malloc_0_nonnull=yes
ac_cv_func_memmove=yes
ac_cv_func_memset=yes
ac_cv_func_realloc_0_nonnull=yes
ac_cv_func_strchr=yes
ac_cv_func_strtol=yes
ac_cv_header_dlfcn_h=yes
ac_cv_header_inttypes_h=yes
ac_cv_header_memory_h=yes
ac_cv_header_stdc=yes
ac_cv_header_stdint_h=yes
ac_cv_header_stdlib_h=yes
ac_cv_header_string_h=yes
ac_cv_header_strings_h=yes
ac_cv_header_sys_stat_h=yes
ac_cv_header_sys_time_h=yes
ac_cv_header_sys_types_h=yes
ac_cv_header_unistd_h=yes
ac_cv_header_zookeeper_zookeeper_h=yes
ac_cv_host=x86_64-unknown-linux-gnu
ac_cv_lib_error_at_line=yes
ac_cv_lib_m_floorf=yes
ac_cv_lib_zookeeper_mt_getenv=yes
ac_cv_objext=o
ac_cv_path_EGREP='/bin/grep -E'
ac_cv_path_FGREP='/bin/grep -F'
ac_cv_path_GREP=/bin/grep
ac_cv_path_SED=/bin/sed
ac_cv_path_ac_pt_PKG_CONFIG=/usr/bin/pkg-config
ac_cv_path_install='/usr/bin/install -c'
ac_cv_path_mkdir=/bin/mkdir
ac_cv_prog_AWK=gawk
ac_cv_prog_CPP='gcc -E'
ac_cv_prog_ac_ct_AR=ar
ac_cv_prog_ac_ct_CC=gcc
ac_cv_prog_ac_ct_MANIFEST_TOOL=mt
ac_cv_prog_ac_ct_OBJDUMP=objdump
ac_cv_prog_ac_ct_RANLIB=ranlib
ac_cv_prog_ac_ct_STRIP=strip
ac_cv_prog_cc_c89=
ac_cv_prog_cc_g=yes
ac_cv_prog_cc_gcc_c_o=yes
ac_cv_prog_make_make_set=yes
ac_cv_type_size_t=yes
am_cv_CC_dependencies_compiler_type=gcc3
lt_cv_ar_at_file=@
lt_cv_archive_cmds_need_lc=no
lt_cv_deplibs_check_method=pass_all
lt_cv_file_magic_cmd='$MAGIC_CMD'
lt_cv_file_magic_test_file=
lt_cv_ld_reload_flag=-r
lt_cv_nm_interface='BSD nm'
lt_cv_objdir=.libs
lt_cv_path_LD=/usr/bin/ld
lt_cv_path_NM='/usr/bin/nm -B'
lt_cv_path_mainfest_tool=no
lt_cv_prog_compiler_c_o=yes
lt_cv_prog_compiler_pic='-fPIC -DPIC'
lt_cv_prog_compiler_pic_works=yes
lt_cv_prog_compiler_rtti_exceptions=no
lt_cv_prog_compiler_static_works=yes
lt_cv_prog_gnu_ld=yes
lt_cv_sharedlib_from_linklib_cmd='printf %s\n'
lt_cv_shlibpath_overrides_runpath=no
lt_cv_sys_global_symbol_pipe='sed -n -e '\''s/^.*[	 ]\([ABCDGIRSTW][ABCDGIRSTW]*\)[	 ][	 ]*\([_A-Za-z][_A-Za-z0-9]*\)$/\1 \2 \2/p'\'' | sed '\''/ __gnu_lto/d'\'''
lt_cv_sys_global_symbol_to_c_name_address='sed -n -e '\''s/^: \([^ ]*\)[ ]*$/  {\"\1\", (void *) 0},/p'\'' -e '\''s/^[ABCDGIRSTW]* \([^ ]*\) \([^ ]*\)$/  {"\2", (void *) \&\2},/p'\'''
lt_cv_sys_global_symbol_to_c_name_address_lib_prefix='sed -n -e '\''s/^: \([^ ]*\)[ ]*$/  {\"\1\", (void *) 0},/p'\'' -e '\''s/^[ABCDGIRSTW]* \([^ ]*\) \(lib[^ ]*\)$/  {"\2", (void *) \&\2},/p'\'' -e '\''s/^[ABCDGIRSTW]* \([^ ]*\) \([^ ]*\)$/  {"lib\2", (void *) \&\2},/p'\'''
lt_cv_sys_global_symbol_to_cdecl='sed -n -e '\''s/^T .* \(.*\)$/extern int \1();/p'\'' -e '\''s/^[ABCDGIRSTW]* .* \(.*\)$/extern char \1;/p'\'''
lt_cv_sys_max_cmd_len=3458764513820540925
lt_cv_to_host_file_cmd=func_convert_file_noop
lt_cv_to_tool_file_cmd=func_convert_file_noop
pkg_cv_libevent_CFLAGS=' '
pkg_cv_libevent_LIBS='-levent  '

## ----------------- ##
## Output variables. ##
## ----------------- ##

ACLOCAL='${SHELL} /home/jinoos/dev/github/zoodisr/missing --run aclocal-1.11'
AMDEPBACKSLASH='\'
AMDEP_FALSE='#'
AMDEP_TRUE=''
AMTAR='$${TAR-tar}'
AR='ar'
AUTOCONF='${SHELL} /home/jinoos/dev/github/zoodisr/missing --run autoconf'
AUTOHEADER='${SHELL} /home/jinoos/dev/github/zoodisr/missing --run autoheader'
AUTOMAKE='${SHELL} /home/jinoos/dev/github/zoodisr/missing --run automake-1.11'
AWK='gawk'
CC='gcc'
CCDEPMODE='depmode=gcc3'
CFLAGS='-g -O2'
CPP='gcc -E'
CPPFLAGS=''
CYGPATH_W='echo'
DEFS='-DHAVE_CONFIG_H'
DEPDIR='.deps'
DLLTOOL='false'
DSYMUTIL=''
DUMPBIN=''
ECHO_C=''
ECHO_N='-n'
ECHO_T=''
EGREP='/bin/grep -E'
EXEEXT=''
FGREP='/bin/grep -F'
GREP='/bin/grep'
INSTALL_DATA='${INSTALL} -m 644'
INSTALL_PROGRAM='${INSTALL}'
INSTALL_SCRIPT='${INSTALL}'
INSTALL_STRIP_PROGRAM='$(install_sh) -c -s'
LD='/usr/bin/ld -m elf_x86_64'
LDFLAGS='/usr/lib/x86_64-linux-gnu/libzookeeper_mt.a '
LIBOBJS=''
LIBS='-lzookeeper_mt -lm  -levent   -lm -lpthread'
LIBTOOL='$(SHELL) $(top_builddir)/libtool'
LIPO=''
LN_S='ln -s'
LTLIBOBJS=''
MAKEINFO='${SHELL} /home/jinoos/dev/github/zoodisr/missing --run makeinfo'
MANIFEST_TOOL=':'
MKDIR_P='/bin/mkdir -p'
NM='/usr/bin/nm -B'
NMEDIT=''
OBJDUMP='objdump'
OBJEXT='o'
OTOOL64=''
OTOOL=''
PACKAGE='zoodisr'
PACKAGE_BUGREPORT='jinoos@gmail.com'
PACKAGE_NAME='zoodisr'
PACKAGE_STRING='zoodisr 0.1.0'
PACKAGE_TARNAME='zoodisr'
PACKAGE_URL=''
PACKAGE_VERSION='0.1.0'
PATH_SEPARATOR=':'
PKG_CONFIG='/usr/bin/pkg-config'
PKG_CONFIG_LIBDIR=''
PKG_CONFIG_PATH=''
RANLIB='ranlib'
SED='/bin/sed'
SET_MAKE=''
SHELL='/bin/bash'
STRIP='strip'
VERSION='0.1.0'
ac_ct_AR='ar'
ac_ct_CC='gcc'
ac_ct_DUMPBIN=''
am__EXEEXT_FALSE=''
am__EXEEXT_TRUE='#'
am__fastdepCC_FALSE='#'
am__fastdepCC_TRUE=''
am__include='include'
am__isrc=''
am__leading_dot='.'
am__nodep='_no'
am__quote=''
am__tar='$${TAR-tar} chof - "$$tardir"'
am__untar='$${TAR-tar} xf -'
bindir='${exec_prefix}/bin'
build='x86_64-unknown-linux-gnu'
build_alias=''
build_cpu='x86_64'
build_os='linux-gnu'
build_vendor='unknown'
datadir='${datarootdir}'
datarootdir='${prefix}/share'
docdir='${datarootdir}/doc/${PACKAGE_TARNAME}'
dvidir='${docdir}'
exec_prefix='${prefix}'
host='x86_64-unknown-linux-gnu'
host_alias=''
host_cpu='x86_64'
host_os='linux-gnu'
host_vendor='unknown'
htmldir='${docdir}'
includedir='${prefix}/include'
infodir='${datarootdir}/info'
install_sh='${SHELL} /home/jinoos/dev/github/zoodisr/install-sh'
libdir='${exec_prefix}/lib'
libevent_CFLAGS=' '
libevent_LIBS='-levent  '
libexecdir='${exec_prefix}/libexec'
localedir='${datarootdir}/locale'
localstatedir='${prefix}/var'
mandir='${datarootdir}/man'
mkdir_p='/bin/mkdir -p'
oldincludedir='/usr/include'
pdfdir='${docdir}'
prefix='/usr/local'
program_transform_name='s,x,x,'
psdir='${docdir}'
sbindir='${exec_prefix}/sbin'
sharedstatedir='${prefix}/com'
sysconfdir='${prefix}/etc'
target_alias=''

## ----------- ##
## confdefs.h. ##
## ----------- ##

/* confdefs.h */
#define PACKAGE_NAME "zoodisr"
#define PACKAGE_TARNAME "zoodisr"
#define PACKAGE_VERSION "0.1.0"
#define PACKAGE_STRING "zoodisr 0.1.0"
#define PACKAGE_BUGREPORT "jinoos@gmail.com"
#define PACKAGE_URL ""
#define PACKAGE "zoodisr"
#define VERSION "0.1.0"
#define STDC_HEADERS 1
#define HAVE_SYS_TYPES_H 1
#define HAVE_SYS_STAT_H 1
#define HAVE_STDLIB_H 1
#define HAVE_STRING_H 1
#define HAVE_MEMORY_H 1
#define HAVE_STRINGS_H 1
#define HAVE_INTTYPES_H 1
#define HAVE_STDINT_H 1
#define HAVE_UNISTD_H 1
#define HAVE_DLFCN_H 1
#define LT_OBJDIR ".libs/"
#define ZR_VERSION_MAJOR 0
#define ZR_VERSION_MINOR 1
#define ZR_VERSION_PATCH 0
#define ZR_VERSION_STRING "0.1.0"
#define HAVE_LIBM 1
#define HAVE_LIBZOOKEEPER_MT 1
#define HAVE_ZOOKEEPER_ZOOKEEPER_H 1
#define HAVE__USR_LIB_X86_64_LINUX_GNU_LIBZOOKEEPER_MT_A 1
#define HAVE_STDINT_H 1
#define HAVE_STDLIB_H 1
#define HAVE_STRING_H 1
#define HAVE_SYS_TIME_H 1
#define HAVE_UNISTD_H 1
#define HAVE_STDLIB_H 1
#define HAVE_MALLOC 1
#define HAVE_STDLIB_H 1
#define HAVE_REALLOC 1
#define HAVE_GETTIMEOFDAY 1
#define HAVE_MEMMOVE 1
#define HAVE_MEMSET 1
#define HAVE_STRCHR 1
#define HAVE_STRTOL 1
#define THREAD_SAFE 1

configure: exit 0

## ---------------------- ##
## Running config.status. ##
## ---------------------- ##

This file was extended by zoodisr config.status 0.1.0, which was
generated by GNU Autoconf 2.68.  Invocation command line was

  CONFIG_FILES    = 
  CONFIG_HEADERS  = 
  CONFIG_LINKS    = 
  CONFIG_COMMANDS = 
  $ ./config.status 

on jinoos-note

config.status:1118: creating Makefile
config.status:1118: creating src/Makefile
config.status:1118: creating test/Makefile
config.status:1118: creating config.h
config.status:1299: config.h is unchanged
config.status:1347: executing depfiles commands
config.status:1347: executing libtool commands
